name: typechecks
run_id: commands[0]
env USERPROFILE: C:\Users\42pet
env SYSTEMROOT: C:\WINDOWS
env PATHEXT: .COM;.EXE;.BAT;.CMD;.VBS;.VBE;.JS;.JSE;.WSF;.WSH;.MSC
env PROGRAMFILES(X86): C:\Program Files (x86)
env PROCESSOR_ARCHITECTURE: AMD64
env NUMBER_OF_PROCESSORS: 16
env COMSPEC: C:\WINDOWS\system32\cmd.exe
env PROGRAMFILES: C:\Program Files
env TMP: C:\Users\42pet\AppData\Local\Temp
env TEMP: C:\Users\42pet\AppData\Local\Temp
env SYSTEMDRIVE: C:
env PROGRAMDATA: C:\ProgramData
env PATH: C:\Users\42pet\MLOps_final_project\production_package\gb_classifier\.tox\unit_tests\Scripts;C:\Users\42pet\anaconda3\envs\MLOps;C:\Users\42pet\anaconda3\envs\MLOps\Library\mingw-w64\bin;C:\Users\42pet\anaconda3\envs\MLOps\Library\usr\bin;C:\Users\42pet\anaconda3\envs\MLOps\Library\bin;C:\Users\42pet\anaconda3\envs\MLOps\Scripts;C:\Users\42pet\anaconda3\envs\MLOps\bin;C:\Users\42pet\anaconda3\condabin;C:\Program Files\NVIDIA GPU Computing Toolkit\CUDA\v12.0\bin;C:\Program Files\NVIDIA GPU Computing Toolkit\CUDA\v12.0\libnvvp;C:\Program Files\NVIDIA GPU Computing Toolkit\CUDA\v11.8\bin;C:\Program Files\NVIDIA GPU Computing Toolkit\CUDA\v11.8\libnvvp;.;C:\Program Files\Common Files\Oracle\Java\javapath;C:\Windows\system32;C:\Windows;C:\Windows\System32\Wbem;C:\Windows\System32\WindowsPowerShell\v1.0;C:\Windows\System32\OpenSSH;C:\Program Files (x86)\NVIDIA Corporation\PhysX\Common;C:\Program Files\NVIDIA Corporation\NVIDIA NvDLISR;C:\Program Files\Git\cmd;C:\Program Files\NVIDIA Corporation\Nsight Compute 2022.4.0;C:\Program Files\Docker\Docker\resources\bin;C:\WINDOWS\system32;C:\WINDOWS;C:\WINDOWS\System32\Wbem;C:\WINDOWS\System32\WindowsPowerShell\v1.0;C:\WINDOWS\System32\OpenSSH;C:\Users\42pet\anaconda3;C:\Users\42pet\anaconda3\Library\mingw-w64\bin;C:\Users\42pet\anaconda3\Library\usr\bin;C:\Users\42pet\anaconda3\Library\bin;C:\Users\42pet\anaconda3\Scripts;C:\Users\42pet\AppData\Local\Microsoft\WindowsApps;C:\Users\42pet\AppData\Local\GitHubDesktop\bin;C:\Users\42pet\AppData\Local\Programs\Microsoft VS Code\bin;C:\Users\42pet\AppData\Roaming\TinyTeX\bin\win32
env PYTHONHASHSEED: 708
env PIP_DISABLE_PIP_VERSION_CHECK: 1
env PYTHONIOENCODING: utf-8
env TOX_ENV_NAME: typechecks
env TOX_WORK_DIR: C:\Users\42pet\MLOps_final_project\production_package\gb_classifier\.tox
env TOX_ENV_DIR: C:\Users\42pet\MLOps_final_project\production_package\gb_classifier\.tox\unit_tests
env VIRTUAL_ENV: C:\Users\42pet\MLOps_final_project\production_package\gb_classifier\.tox\unit_tests
env COLUMNS: 179
env LINES: 13
metadata pid: 8016
cwd: C:\Users\42pet\MLOps_final_project\production_package\gb_classifier
allow: C:\Users\42pet\MLOps_final_project\production_package\gb_classifier\.tox\unit_tests\Scripts\*
cmd: mypy gb_classifier
exit_code: 0
Success: no issues found in 10 source files
