name: stylechecks
run_id: install_deps
env USERPROFILE: C:\Users\42pet
env SYSTEMROOT: C:\WINDOWS
env PATHEXT: .COM;.EXE;.BAT;.CMD;.VBS;.VBE;.JS;.JSE;.WSF;.WSH;.MSC
env PROGRAMFILES(X86): C:\Program Files (x86)
env PROCESSOR_ARCHITECTURE: AMD64
env NUMBER_OF_PROCESSORS: 16
env COMSPEC: C:\WINDOWS\system32\cmd.exe
env PROGRAMFILES: C:\Program Files
env TMP: C:\Users\42pet\AppData\Local\Temp
env TEMP: C:\Users\42pet\AppData\Local\Temp
env SYSTEMDRIVE: C:
env PROGRAMDATA: C:\ProgramData
env PATH: C:\Users\42pet\MLOps_final_project\production_package\gb_classifier\.tox\unit_tests\Scripts;C:\Users\42pet\anaconda3\envs\MLOps;C:\Users\42pet\anaconda3\envs\MLOps\Library\mingw-w64\bin;C:\Users\42pet\anaconda3\envs\MLOps\Library\usr\bin;C:\Users\42pet\anaconda3\envs\MLOps\Library\bin;C:\Users\42pet\anaconda3\envs\MLOps\Scripts;C:\Users\42pet\anaconda3\envs\MLOps\bin;C:\Users\42pet\anaconda3\condabin;C:\Program Files\NVIDIA GPU Computing Toolkit\CUDA\v12.0\bin;C:\Program Files\NVIDIA GPU Computing Toolkit\CUDA\v12.0\libnvvp;C:\Program Files\NVIDIA GPU Computing Toolkit\CUDA\v11.8\bin;C:\Program Files\NVIDIA GPU Computing Toolkit\CUDA\v11.8\libnvvp;.;C:\Program Files\Common Files\Oracle\Java\javapath;C:\Windows\system32;C:\Windows;C:\Windows\System32\Wbem;C:\Windows\System32\WindowsPowerShell\v1.0;C:\Windows\System32\OpenSSH;C:\Program Files (x86)\NVIDIA Corporation\PhysX\Common;C:\Program Files\NVIDIA Corporation\NVIDIA NvDLISR;C:\Program Files\Git\cmd;C:\Program Files\NVIDIA Corporation\Nsight Compute 2022.4.0;C:\Program Files\Docker\Docker\resources\bin;C:\WINDOWS\system32;C:\WINDOWS;C:\WINDOWS\System32\Wbem;C:\WINDOWS\System32\WindowsPowerShell\v1.0;C:\WINDOWS\System32\OpenSSH;C:\Users\42pet\anaconda3;C:\Users\42pet\anaconda3\Library\mingw-w64\bin;C:\Users\42pet\anaconda3\Library\usr\bin;C:\Users\42pet\anaconda3\Library\bin;C:\Users\42pet\anaconda3\Scripts;C:\Users\42pet\AppData\Local\Microsoft\WindowsApps;C:\Users\42pet\AppData\Local\GitHubDesktop\bin;C:\Users\42pet\AppData\Local\Programs\Microsoft VS Code\bin;C:\Users\42pet\AppData\Roaming\TinyTeX\bin\win32
env PYTHONHASHSEED: 708
env PIP_DISABLE_PIP_VERSION_CHECK: 1
env PYTHONIOENCODING: utf-8
env TOX_ENV_NAME: stylechecks
env TOX_WORK_DIR: C:\Users\42pet\MLOps_final_project\production_package\gb_classifier\.tox
env TOX_ENV_DIR: C:\Users\42pet\MLOps_final_project\production_package\gb_classifier\.tox\unit_tests
env VIRTUAL_ENV: C:\Users\42pet\MLOps_final_project\production_package\gb_classifier\.tox\unit_tests
env COLUMNS: 179
env LINES: 13
metadata pid: 24116
cwd: C:\Users\42pet\MLOps_final_project\production_package\gb_classifier
allow: C:\Users\42pet\MLOps_final_project\production_package\gb_classifier\.tox\unit_tests\Scripts\*
cmd: pip install -r requirements_dev.txt
exit_code: 0
Collecting numpy<1.21.0,>=1.20.0 (from -r requirements.txt (line 2))
  Using cached numpy-1.20.3-cp39-cp39-win_amd64.whl (13.7 MB)
Collecting pandas<1.4.0,>=1.3.5 (from -r requirements.txt (line 3))
  Using cached pandas-1.3.5-cp39-cp39-win_amd64.whl (10.2 MB)
Collecting scikit-learn<1.1.0,>=1.0.2 (from -r requirements.txt (line 4))
  Using cached scikit_learn-1.0.2-cp39-cp39-win_amd64.whl (7.2 MB)
Collecting feature-engine<1.1.0,>=1.0.2 (from -r requirements.txt (line 5))
  Using cached feature_engine-1.0.2-py2.py3-none-any.whl (152 kB)
Collecting joblib<1.1.0,>=1.0.1 (from -r requirements.txt (line 6))
  Using cached joblib-1.0.1-py3-none-any.whl (303 kB)
Collecting PyYAML==6.0 (from -r requirements.txt (line 9))
  Using cached PyYAML-6.0-cp39-cp39-win_amd64.whl (151 kB)
Collecting pydantic<1.9.0,>=1.8.1 (from -r requirements.txt (line 10))
  Using cached pydantic-1.8.2-cp39-cp39-win_amd64.whl (1.9 MB)
Collecting marshmallow<4.0,>=3.2.2 (from -r requirements.txt (line 13))
  Using cached marshmallow-3.19.0-py3-none-any.whl (49 kB)
Collecting pytest==7.1.3 (from -r requirements_dev.txt (line 4))
  Using cached pytest-7.1.3-py3-none-any.whl (298 kB)
Collecting types-PyYAML==6.0.12 (from -r requirements_dev.txt (line 7))
  Using cached types_PyYAML-6.0.12-py3-none-any.whl (14 kB)
Collecting black<20.0,>=19.10b0 (from -r requirements_dev.txt (line 10))
  Using cached black-19.10b0-py36-none-any.whl (97 kB)
Collecting flake8<4.0,>=3.7.9 (from -r requirements_dev.txt (line 11))
  Using cached flake8-3.9.2-py2.py3-none-any.whl (73 kB)
Collecting mypy>=0.740 (from -r requirements_dev.txt (line 12))
  Using cached mypy-1.2.0-cp39-cp39-win_amd64.whl (8.9 MB)
Collecting attrs>=19.2.0 (from pytest==7.1.3->-r requirements_dev.txt (line 4))
  Using cached attrs-23.1.0-py3-none-any.whl (61 kB)
Collecting iniconfig (from pytest==7.1.3->-r requirements_dev.txt (line 4))
  Using cached iniconfig-2.0.0-py3-none-any.whl (5.9 kB)
Collecting packaging (from pytest==7.1.3->-r requirements_dev.txt (line 4))
  Using cached packaging-23.1-py3-none-any.whl (48 kB)
Collecting pluggy<2.0,>=0.12 (from pytest==7.1.3->-r requirements_dev.txt (line 4))
  Using cached pluggy-1.0.0-py2.py3-none-any.whl (13 kB)
Collecting py>=1.8.2 (from pytest==7.1.3->-r requirements_dev.txt (line 4))
  Using cached py-1.11.0-py2.py3-none-any.whl (98 kB)
Collecting tomli>=1.0.0 (from pytest==7.1.3->-r requirements_dev.txt (line 4))
  Using cached tomli-2.0.1-py3-none-any.whl (12 kB)
Collecting colorama (from pytest==7.1.3->-r requirements_dev.txt (line 4))
  Using cached colorama-0.4.6-py2.py3-none-any.whl (25 kB)
Collecting python-dateutil>=2.7.3 (from pandas<1.4.0,>=1.3.5->-r requirements.txt (line 3))
  Using cached python_dateutil-2.8.2-py2.py3-none-any.whl (247 kB)
Collecting pytz>=2017.3 (from pandas<1.4.0,>=1.3.5->-r requirements.txt (line 3))
  Using cached pytz-2023.3-py2.py3-none-any.whl (502 kB)
Collecting scipy>=1.1.0 (from scikit-learn<1.1.0,>=1.0.2->-r requirements.txt (line 4))
  Using cached scipy-1.10.1-cp39-cp39-win_amd64.whl (42.5 MB)
Collecting threadpoolctl>=2.0.0 (from scikit-learn<1.1.0,>=1.0.2->-r requirements.txt (line 4))
  Using cached threadpoolctl-3.1.0-py3-none-any.whl (14 kB)
Collecting statsmodels>=0.11.1 (from feature-engine<1.1.0,>=1.0.2->-r requirements.txt (line 5))
  Using cached statsmodels-0.13.5-cp39-cp39-win_amd64.whl (9.2 MB)
Collecting typing-extensions>=3.7.4.3 (from pydantic<1.9.0,>=1.8.1->-r requirements.txt (line 10))
  Using cached typing_extensions-4.5.0-py3-none-any.whl (27 kB)
Collecting click>=6.5 (from black<20.0,>=19.10b0->-r requirements_dev.txt (line 10))
  Using cached click-8.1.3-py3-none-any.whl (96 kB)
Collecting appdirs (from black<20.0,>=19.10b0->-r requirements_dev.txt (line 10))
  Using cached appdirs-1.4.4-py2.py3-none-any.whl (9.6 kB)
Collecting toml>=0.9.4 (from black<20.0,>=19.10b0->-r requirements_dev.txt (line 10))
  Using cached toml-0.10.2-py2.py3-none-any.whl (16 kB)
Collecting typed-ast>=1.4.0 (from black<20.0,>=19.10b0->-r requirements_dev.txt (line 10))
  Using cached typed_ast-1.5.4-cp39-cp39-win_amd64.whl (162 kB)
Collecting regex (from black<20.0,>=19.10b0->-r requirements_dev.txt (line 10))
  Using cached regex-2023.5.4-cp39-cp39-win_amd64.whl (267 kB)
Collecting pathspec<1,>=0.6 (from black<20.0,>=19.10b0->-r requirements_dev.txt (line 10))
  Using cached pathspec-0.11.1-py3-none-any.whl (29 kB)
Collecting pyflakes<2.4.0,>=2.3.0 (from flake8<4.0,>=3.7.9->-r requirements_dev.txt (line 11))
  Using cached pyflakes-2.3.1-py2.py3-none-any.whl (68 kB)
Collecting pycodestyle<2.8.0,>=2.7.0 (from flake8<4.0,>=3.7.9->-r requirements_dev.txt (line 11))
  Using cached pycodestyle-2.7.0-py2.py3-none-any.whl (41 kB)
Collecting mccabe<0.7.0,>=0.6.0 (from flake8<4.0,>=3.7.9->-r requirements_dev.txt (line 11))
  Using cached mccabe-0.6.1-py2.py3-none-any.whl (8.6 kB)
Collecting mypy-extensions>=1.0.0 (from mypy>=0.740->-r requirements_dev.txt (line 12))
  Using cached mypy_extensions-1.0.0-py3-none-any.whl (4.7 kB)
Collecting six>=1.5 (from python-dateutil>=2.7.3->pandas<1.4.0,>=1.3.5->-r requirements.txt (line 3))
  Using cached six-1.16.0-py2.py3-none-any.whl (11 kB)
Collecting patsy>=0.5.2 (from statsmodels>=0.11.1->feature-engine<1.1.0,>=1.0.2->-r requirements.txt (line 5))
  Using cached patsy-0.5.3-py2.py3-none-any.whl (233 kB)
Installing collected packages: types-PyYAML, pytz, mccabe, appdirs, typing-extensions, typed-ast, tomli, toml, threadpoolctl, six, regex, PyYAML, pyflakes, pycodestyle, py, pluggy, pathspec, packaging, numpy, mypy-extensions, joblib, iniconfig, colorama, attrs, scipy, python-dateutil, pytest, pydantic, patsy, mypy, marshmallow, flake8, click, scikit-learn, pandas, black, statsmodels, feature-engine
Successfully installed PyYAML-6.0 appdirs-1.4.4 attrs-23.1.0 black-19.10b0 click-8.1.3 colorama-0.4.6 feature-engine-1.0.2 flake8-3.9.2 iniconfig-2.0.0 joblib-1.0.1 marshmallow-3.19.0 mccabe-0.6.1 mypy-1.2.0 mypy-extensions-1.0.0 numpy-1.20.3 packaging-23.1 pandas-1.3.5 pathspec-0.11.1 patsy-0.5.3 pluggy-1.0.0 py-1.11.0 pycodestyle-2.7.0 pydantic-1.8.2 pyflakes-2.3.1 pytest-7.1.3 python-dateutil-2.8.2 pytz-2023.3 regex-2023.5.4 scikit-learn-1.0.2 scipy-1.10.1 six-1.16.0 statsmodels-0.13.5 threadpoolctl-3.1.0 toml-0.10.2 tomli-2.0.1 typed-ast-1.5.4 types-PyYAML-6.0.12 typing-extensions-4.5.0
